<?xml version="1.0" encoding="UTF-8"?>
<!-- Generated by org.testng.reporters.JUnitXMLReporter -->
<testsuite hostname="tcw-06" ignored="0" name="ValidateTitle" tests="1" failures="1" timestamp="07 Jan 2019 05:19:57 GMT" time="9.915" errors="0">
  <testcase name="basePageNavigation" time="0.053" classname="Academy.validateTitle">
    <failure type="java.lang.AssertionError" message="expected [FEATURED COURSES1] but found [FEATURED COURSES]">
      <![CDATA[java.lang.AssertionError: expected [FEATURED COURSES1] but found [FEATURED COURSES]
at Academy.validateTitle.basePageNavigation(validateTitle.java:37)
... Removed 31 stack frames]]>
    </failure>
  </testcase> <!-- basePageNavigation -->
</testsuite> <!-- ValidateTitle -->
